<?xml version="1.0" encoding="UTF-8"?>
<!-- Generated by org.testng.reporters.JUnitReportReporter -->
<testsuite hostname="IM-RT-LP-621" failures="0" tests="1" name="testcases.BaseClass" time="1.483" errors="0" timestamp="2023-05-21T00:00:27 IST" skipped="0">
  <testcase classname="testcases.BaseClass" name="baseClass" time="1.483"/>
  <system-out/>
</testsuite> <!-- testcases.BaseClass -->
