<?xml version="1.0" encoding="UTF-8"?>
<!-- Generated by org.testng.reporters.JUnitReportReporter -->
<testsuite hostname="IM-RT-LP-621" failures="0" tests="1" name="testcases.DashBoardTest" time="2.216" errors="0" timestamp="2023-06-16T22:11:17 IST" skipped="0">
  <testcase classname="testcases.DashBoardTest" name="camera" time="2.216"/>
  <system-out/>
</testsuite> <!-- testcases.DashBoardTest -->
