<?xml version="1.0" encoding="UTF-8"?>
<!-- Generated by org.testng.reporters.JUnitReportReporter -->
<testsuite hostname="IM-RT-LP-621" failures="0" tests="9" name="testcases.IphoneBuyTest" time="37.078" errors="0" timestamp="2023-06-16T22:11:17 IST" skipped="0">
  <testcase classname="testcases.IphoneBuyTest" name="Search" time="3.730"/>
  <system-out/>
  <testcase classname="testcases.IphoneBuyTest" name="ClickOnSearch" time="3.673"/>
  <system-out/>
  <testcase classname="testcases.IphoneBuyTest" name="iPhonetab" time="5.604"/>
  <system-out/>
  <testcase classname="testcases.IphoneBuyTest" name="previewOfIphone" time="3.370"/>
  <system-out/>
  <testcase classname="testcases.IphoneBuyTest" name="clickNextButton" time="10.722"/>
  <system-out/>
  <testcase classname="testcases.IphoneBuyTest" name="closePriviewbutton" time="3.111"/>
  <system-out/>
  <testcase classname="testcases.IphoneBuyTest" name="AddToCart" time="2.091"/>
  <system-out/>
  <testcase classname="testcases.IphoneBuyTest" name="cart" time="2.082"/>
  <system-out/>
  <testcase classname="testcases.IphoneBuyTest" name="buyProduct" time="2.695"/>
  <system-out/>
</testsuite> <!-- testcases.IphoneBuyTest -->
