<?xml version="1.0" encoding="UTF-8"?>
<!-- Generated by org.testng.reporters.JUnitReportReporter -->
<testsuite hostname="IM-RT-LP-621" failures="0" tests="1" name="testcases.CameraTabTest" time="0.672" errors="0" timestamp="2023-06-26T10:11:24 IST" skipped="0">
  <testcase classname="testcases.CameraTabTest" name="cameraTab" time="0.672"/>
  <system-out/>
</testsuite> <!-- testcases.CameraTabTest -->
