<?xml version="1.0" encoding="UTF-8"?>
<!-- Generated by org.testng.reporters.JUnitReportReporter -->
<testsuite hostname="IM-RT-LP-621" failures="0" tests="9" name="testcases.IphoneBuyTest" time="33.529" errors="0" timestamp="2023-06-26T10:11:24 IST" skipped="0">
  <testcase classname="testcases.IphoneBuyTest" name="Search" time="3.178"/>
  <system-out/>
  <testcase classname="testcases.IphoneBuyTest" name="ClickOnSearch" time="3.343"/>
  <system-out/>
  <testcase classname="testcases.IphoneBuyTest" name="iPhonetab" time="3.851"/>
  <system-out/>
  <testcase classname="testcases.IphoneBuyTest" name="previewOfIphone" time="3.088"/>
  <system-out/>
  <testcase classname="testcases.IphoneBuyTest" name="clickNextButton" time="10.308"/>
  <system-out/>
  <testcase classname="testcases.IphoneBuyTest" name="closePriviewbutton" time="3.056"/>
  <system-out/>
  <testcase classname="testcases.IphoneBuyTest" name="AddToCart" time="2.071"/>
  <system-out/>
  <testcase classname="testcases.IphoneBuyTest" name="cart" time="2.066"/>
  <system-out/>
  <testcase classname="testcases.IphoneBuyTest" name="buyProduct" time="2.568"/>
  <system-out/>
</testsuite> <!-- testcases.IphoneBuyTest -->
