<?xml version="1.0" encoding="UTF-8"?>
<!-- Generated by org.testng.reporters.JUnitReportReporter -->
<testsuite hostname="IM-RT-LP-621" failures="0" tests="9" name="testcases.IphoneBuyTest" time="35.721" errors="0" timestamp="2023-06-27T23:20:41 IST" skipped="0">
  <testcase classname="testcases.IphoneBuyTest" name="Search" time="3.337"/>
  <system-out/>
  <testcase classname="testcases.IphoneBuyTest" name="ClickOnSearch" time="3.542"/>
  <system-out/>
  <testcase classname="testcases.IphoneBuyTest" name="iPhonetab" time="4.062"/>
  <system-out/>
  <testcase classname="testcases.IphoneBuyTest" name="previewOfIphone" time="3.339"/>
  <system-out/>
  <testcase classname="testcases.IphoneBuyTest" name="clickNextButton" time="10.694"/>
  <system-out/>
  <testcase classname="testcases.IphoneBuyTest" name="closePriviewbutton" time="3.178"/>
  <system-out/>
  <testcase classname="testcases.IphoneBuyTest" name="AddToCart" time="2.269"/>
  <system-out/>
  <testcase classname="testcases.IphoneBuyTest" name="cart" time="2.249"/>
  <system-out/>
  <testcase classname="testcases.IphoneBuyTest" name="buyProduct" time="3.051"/>
  <system-out/>
</testsuite> <!-- testcases.IphoneBuyTest -->
