<?xml version="1.0" encoding="UTF-8"?>
<!-- Generated by org.testng.reporters.JUnitReportReporter -->
<testsuite hostname="IM-RT-LP-621" failures="0" tests="9" name="testcases.IphoneBuyTest" time="37.382" errors="0" timestamp="2023-06-24T19:23:58 IST" skipped="0">
  <testcase classname="testcases.IphoneBuyTest" name="Search" time="3.406"/>
  <system-out/>
  <testcase classname="testcases.IphoneBuyTest" name="ClickOnSearch" time="3.590"/>
  <system-out/>
  <testcase classname="testcases.IphoneBuyTest" name="iPhonetab" time="4.073"/>
  <system-out/>
  <testcase classname="testcases.IphoneBuyTest" name="previewOfIphone" time="4.545"/>
  <system-out/>
  <testcase classname="testcases.IphoneBuyTest" name="clickNextButton" time="10.953"/>
  <system-out/>
  <testcase classname="testcases.IphoneBuyTest" name="closePriviewbutton" time="3.301"/>
  <system-out/>
  <testcase classname="testcases.IphoneBuyTest" name="AddToCart" time="2.207"/>
  <system-out/>
  <testcase classname="testcases.IphoneBuyTest" name="cart" time="2.323"/>
  <system-out/>
  <testcase classname="testcases.IphoneBuyTest" name="buyProduct" time="2.984"/>
  <system-out/>
</testsuite> <!-- testcases.IphoneBuyTest -->
