<?xml version="1.0" encoding="UTF-8"?>
<!-- Generated by org.testng.reporters.JUnitReportReporter -->
<testsuite hostname="IM-RT-LP-621" failures="0" tests="1" name="testcases.DashBoardTest" time="1.215" errors="0" timestamp="2023-06-27T23:20:41 IST" skipped="0">
  <testcase classname="testcases.DashBoardTest" name="camera" time="1.215"/>
  <system-out/>
</testsuite> <!-- testcases.DashBoardTest -->
